<?xml version="1.0" encoding="UTF-8"?>
<testsuite name="AnagramTest" tests="4" skipped="0" failures="0" errors="0" timestamp="2016-09-07T20:10:52" hostname="epicodus-25.local" time="0.002">
  <properties/>
  <testcase name="manyWordCheck_checkIfAnagramWithMultipleWords_true" classname="AnagramTest" time="0.001"/>
  <testcase name="anagramCheck_checkIfSameWord_true" classname="AnagramTest" time="0.0"/>
  <testcase name="anagramCheck_checkIfAnagramWithDifferentCase_true" classname="AnagramTest" time="0.0"/>
  <testcase name="anagramCheck_checkIfAnagram_true" classname="AnagramTest" time="0.0"/>
  <system-out><![CDATA[]]></system-out>
  <system-err><![CDATA[]]></system-err>
</testsuite>
